C51 COMPILER V9.57.0.0   ADC                                                               12/14/2025 23:42:35 PAGE 1   


C51 COMPILER V9.57.0.0, COMPILATION OF MODULE ADC
OBJECT MODULE PLACED IN ..\OBJ\ADC.obj
COMPILER INVOKED BY: C:\Keil_v5\C51\BIN\C51.EXE ..\HANDWARE\ADC\ADC.c LARGE OMF2 OPTIMIZE(3,SIZE) BROWSE INCDIR(..\USER;
                    -..\FUNC_HANDLER;..\GUI_APP;..\HANDWARE\ADC;..\HANDWARE\GPIO;..\HANDWARE\PWM;..\HANDWARE\TIMER;..\HANDWARE\UART;..\HANDWA
                    -RE\SYSTEM;..\HANDWARE\WDT;..\HANDWARE\APP) DEBUG PRINT(..\OBJ\Listing\ADC.lst) TABS(2) OBJECT(..\OBJ\ADC.obj)

line level    source

   1          /*
   2          @verbatim
   3          --------------------------------------------------------------------------------
   4          MIT License
   5          
   6          Copyright (c) [2025] [Vladimir Radchenko]
   7          Version 1.0
   8          
   9          For communication or thanks, you can contact me by mail DwinRVB@mail.ru
  10          
  11          Permission is hereby granted, free of charge, to any person obtaining a copy
  12          of this software and associated documentation files (the "Software"), to deal
  13          in the Software without restriction, including without limitation the rights
  14          to use, copy, modify, merge, publish, distribute, sublicense, and/or sell
  15          copies of the Software, and to permit persons to whom the Software is
  16          furnished to do so, subject to the following conditions:
  17          
  18          The above copyright notice and this permission notice shall be included in all
  19          copies or substantial portions of the Software.
  20          
  21          THE SOFTWARE IS PROVIDED "AS IS", WITHOUT WARRANTY OF ANY KIND, EXPRESS OR
  22          IMPLIED, INCLUDING BUT NOT LIMITED TO THE WARRANTIES OF MERCHANTABILITY,
  23          FITNESS FOR A PARTICULAR PURPOSE AND NONINFRINGEMENT. IN NO EVENT SHALL THE
  24          AUTHORS OR COPYRIGHT HOLDERS BE LIABLE FOR ANY CLAIM, DAMAGES OR OTHER
  25          LIABILITY, WHETHER IN AN ACTION OF CONTRACT, TORT OR OTHERWISE, ARISING FROM,
  26          OUT OF OR IN CONNECTION WITH THE SOFTWARE OR THE USE OR OTHER DEALINGS IN THE
  27          SOFTWARE.
  28          --------------------------------------------------------------------------------
  29          @endverbatim
  30          */
  31          
  32          //==============================================================================
  33          //---------------------------------Includes-------------------------------------
  34          //==============================================================================
  35          #include "ADC.h" // OK
  36          
  37          //==============================================================================
  38          //---------------------------------Defines--------------------------------------
  39          //==============================================================================
  40          #define ADC_START_ADDR    0x32 ///< Starting address for ADC data in DGUS registers.
  41          
  42          //==============================================================================
  43          //---------------------------------VARIABLES------------------------------------
  44          //==============================================================================
  45          
  46          //==============================================================================
  47          //---------------------------------ADC READ-------------------------------------
  48          //==============================================================================
  49          /**
  50           * @brief Reads a single ADC value from the specified channel.
  51           * @param Channel The ADC channel to read (1 to 7).
  52           * @return uint16_t The 16-bit ADC value read from the specified channel.
  53           */
C51 COMPILER V9.57.0.0   ADC                                                               12/14/2025 23:42:35 PAGE 2   

  54          uint16_t AdcRead(AdcChannel Channel)
  55          {
  56   1          uint8_t readData[2];
  57   1      
  58   1          uint16_t ReturnValue;
  59   1      
  60   1          ReadDgusVp(ADC_START_ADDR + Channel, &readData, 1);
  61   1          ReturnValue = (uint16_t)(readData[0] << 8) + (uint16_t)readData[1];
  62   1          return ReturnValue;
  63   1      }
  64          
  65          //==============================================================================
  66          //-----------------------------ADC READ AVERAGE---------------------------------
  67          //==============================================================================
  68          /**
  69           * @brief Reads and averages ADC values from the specified channel.
  70           * @param Channel The ADC channel to read (1 to 7).
  71           * @param AvgCnt The number of samples to average.
  72           * @return uint16_t The averaged 16-bit ADC value, or 0 if AvgCnt is 0.
  73           */
  74          uint16_t AdcReadAvg(AdcChannel Channel, uint16_t AvgCnt)
  75          {
  76   1          uint16_t Cnt = 0;
  77   1          uint16_t AdcValue = 0;
  78   1          uint32_t AdcSum = 0;
  79   1      
  80   1          if (AvgCnt == 0) return 0;
  81   1      
  82   1          for (Cnt = 0; Cnt < AvgCnt; Cnt++)
  83   1          {
  84   2              AdcValue = AdcRead(Channel);
  85   2              AdcSum += AdcValue;
  86   2          }
  87   1      
  88   1          AdcValue = (uint16_t)(AdcSum / AvgCnt);
  89   1          return AdcValue;
  90   1      }
  91          
  92          //==============================================================================
  93          //-------------------------------ADC PROCESS------------------------------------
  94          //==============================================================================
  95          
  96          
  97          //==============================================================================
  98          //---------------------------------END FILE-------------------------------------
  99          //==============================================================================


MODULE INFORMATION:   STATIC OVERLAYABLE
   CODE SIZE        =    214    ----
   CONSTANT SIZE    =   ----    ----
   XDATA SIZE       =   ----      16
   PDATA SIZE       =   ----    ----
   DATA SIZE        =   ----    ----
   IDATA SIZE       =   ----    ----
   BIT SIZE         =   ----    ----
   EDATA SIZE       =   ----    ----
   HDATA SIZE       =   ----    ----
   XDATA CONST SIZE =   ----    ----
   FAR CONST SIZE   =   ----    ----
END OF MODULE INFORMATION.


C51 COMPILATION COMPLETE.  0 WARNING(S),  0 ERROR(S)
