C51 COMPILER V9.57.0.0   GPIO                                                              12/14/2025 23:42:35 PAGE 1   


C51 COMPILER V9.57.0.0, COMPILATION OF MODULE GPIO
OBJECT MODULE PLACED IN ..\OBJ\GPIO.obj
COMPILER INVOKED BY: C:\Keil_v5\C51\BIN\C51.EXE ..\HANDWARE\GPIO\GPIO.c LARGE OMF2 OPTIMIZE(3,SIZE) BROWSE INCDIR(..\USE
                    -R;..\FUNC_HANDLER;..\GUI_APP;..\HANDWARE\ADC;..\HANDWARE\GPIO;..\HANDWARE\PWM;..\HANDWARE\TIMER;..\HANDWARE\UART;..\HAND
                    -WARE\SYSTEM;..\HANDWARE\WDT;..\HANDWARE\APP) DEBUG PRINT(..\OBJ\Listing\GPIO.lst) TABS(2) OBJECT(..\OBJ\GPIO.obj)

line level    source

   1          /*
   2          @verbatim
   3          --------------------------------------------------------------------------------
   4          MIT License
   5          
   6          Copyright (c) [2025] [Vladimir Radchenko]
   7          Version 1.0
   8          
   9          For communication or thanks, you can contact me by mail DwinRVB@mail.ru
  10          
  11          Permission is hereby granted, free of charge, to any person obtaining a copy
  12          of this software and associated documentation files (the "Software"), to deal
  13          in the Software without restriction, including without limitation the rights
  14          to use, copy, modify, merge, publish, distribute, sublicense, and/or sell
  15          copies of the Software, and to permit persons to whom the Software is
  16          furnished to do so, subject to the following conditions:
  17          
  18          The above copyright notice and this permission notice shall be included in all
  19          copies or substantial portions of the Software.
  20          
  21          THE SOFTWARE IS PROVIDED "AS IS", WITHOUT WARRANTY OF ANY KIND, EXPRESS OR
  22          IMPLIED, INCLUDING BUT NOT LIMITED TO THE WARRANTIES OF MERCHANTABILITY,
  23          FITNESS FOR A PARTICULAR PURPOSE AND NONINFRINGEMENT. IN NO EVENT SHALL THE
  24          AUTHORS OR COPYRIGHT HOLDERS BE LIABLE FOR ANY CLAIM, DAMAGES OR OTHER
  25          LIABILITY, WHETHER IN AN ACTION OF CONTRACT, TORT OR OTHERWISE, ARISING FROM,
  26          OUT OF OR IN CONNECTION WITH THE SOFTWARE OR THE USE OR OTHER DEALINGS IN THE
  27          SOFTWARE.
  28          --------------------------------------------------------------------------------
  29          @endverbatim
  30          */
  31          
  32          //==============================================================================
  33          //---------------------------------Includes-------------------------------------
  34          //==============================================================================
  35          #include "GPIO.h"
  36          
  37          //==============================================================================
  38          //---------------------------------Defines--------------------------------------
  39          //==============================================================================
  40          
  41          //==============================================================================
  42          //----------------------------------INIT---------------------------------------
  43          //==============================================================================
  44          /**
  45           * @brief Initializes a GPIO pin with specified type and state.
  46           * @param Type The type of the pin (input or output).
  47           * @param Port The port number (0 to 3).
  48           * @param Pin The pin number (0 to 7 for ports 0-2, 0 to 3 for port 3).
  49           * @param StatePin The initial state of the pin (for output pins).
  50           * @return EGpioStatus GPIO_OK on success, GPIO_ERR on invalid port or pin.
  51           */
  52          EGpioStatus InitGpio(EPinType Type, uint8_t Port, uint8_t Pin, EPinState StatePin)
  53          {
C51 COMPILER V9.57.0.0   GPIO                                                              12/14/2025 23:42:35 PAGE 2   

  54   1          if (Type == GPIO_OUT)
  55   1          {
  56   2              if (Port == GPIO_PORT_0) { if (Pin > GPIO_PIN_7) { return GPIO_ERR; } P0MDOUT |= (1 << Pin); }
  57   2              else if (Port == GPIO_PORT_1) { if (Pin > GPIO_PIN_7) { return GPIO_ERR; } P1MDOUT |= (1 << Pin); 
             -}
  58   2              else if (Port == GPIO_PORT_2) { if (Pin > GPIO_PIN_7) { return GPIO_ERR; } P2MDOUT |= (1 << Pin); 
             -}
  59   2              else if (Port == GPIO_PORT_3) { if (Pin > GPIO_PIN_3) { return GPIO_ERR; } P3MDOUT |= (1 << Pin); 
             -}
  60   2              else { return GPIO_ERR; }
  61   2              SetGpioOutState(Port, Pin, StatePin);
  62   2          }
  63   1          else if (Type == GPIO_IN)
  64   1          {
  65   2              if (Port == GPIO_PORT_0) { if (Pin > GPIO_PIN_7) { return GPIO_ERR; } P0MDOUT &= ~(1 << Pin); }
  66   2              else if (Port == GPIO_PORT_1) { if (Pin > GPIO_PIN_7) { return GPIO_ERR; } P1MDOUT &= ~(1 << Pin);
             - }
  67   2              else if (Port == GPIO_PORT_2) { if (Pin > GPIO_PIN_7) { return GPIO_ERR; } P2MDOUT &= ~(1 << Pin);
             - }
  68   2              else if (Port == GPIO_PORT_3) { if (Pin > GPIO_PIN_3) { return GPIO_ERR; } P3MDOUT &= ~(1 << Pin);
             - }
  69   2              else { return GPIO_ERR; }
  70   2          }
  71   1          else
  72   1          {
  73   2              return GPIO_ERR;
  74   2          }
  75   1          return GPIO_OK;
  76   1      }
  77          
  78          //==============================================================================
  79          //--------------------------------FUNCTIONS-------------------------------------
  80          //==============================================================================
  81          /**
  82           * @brief Reads the state of a GPIO pin.
  83           * @param Port The port number (0 to 3).
  84           * @param Pin The pin number (0 to 7 for ports 0-2, 0 to 3 for port 3).
  85           * @param StatePin Pointer to store the pin state (GPIO_LOW or GPIO_HIGHT).
  86           * @return EGpioStatus GPIO_OK on success, GPIO_ERR on invalid port or pin.
  87           */
  88          EGpioStatus GetGpioState(uint8_t Port, uint8_t Pin, EPinState* StatePin)
  89          {
  90   1          uint16_t state = 0;
  91   1          uint8_t returnStatus = GPIO_OK;
  92   1      
  93   1          if (Port == GPIO_PORT_0)
  94   1          {
  95   2              if (Pin == GPIO_PIN_0) { if ((P0 & 0x01) != 0) state = 1; else state = 0; }
  96   2              else if (Pin == GPIO_PIN_1) { if ((P0 & 0x02) != 0) state = 1; else state = 0; }
  97   2              else if (Pin == GPIO_PIN_2) { if ((P0 & 0x04) != 0) state = 1; else state = 0; }
  98   2              else if (Pin == GPIO_PIN_3) { if ((P0 & 0x08) != 0) state = 1; else state = 0; }
  99   2              else if (Pin == GPIO_PIN_4) { if ((P0 & 0x10) != 0) state = 1; else state = 0; }
 100   2              else if (Pin == GPIO_PIN_5) { if ((P0 & 0x20) != 0) state = 1; else state = 0; }
 101   2              else if (Pin == GPIO_PIN_6) { if ((P0 & 0x40) != 0) state = 1; else state = 0; }
 102   2              else if (Pin == GPIO_PIN_7) { if ((P0 & 0x80) != 0) state = 1; else state = 0; }
 103   2              else return GPIO_ERR;
 104   2          }
 105   1          else if (Port == GPIO_PORT_1)
 106   1          {
 107   2              if (Pin == GPIO_PIN_0) { if ((P1 & 0x01) != 0) state = 1; else state = 0; }
 108   2              else if (Pin == GPIO_PIN_1) { if ((P1 & 0x02) != 0) state = 1; else state = 0; }
 109   2              else if (Pin == GPIO_PIN_2) { if ((P1 & 0x04) != 0) state = 1; else state = 0; }
C51 COMPILER V9.57.0.0   GPIO                                                              12/14/2025 23:42:35 PAGE 3   

 110   2              else if (Pin == GPIO_PIN_3) { if ((P1 & 0x08) != 0) state = 1; else state = 0; }
 111   2              else if (Pin == GPIO_PIN_4) { if ((P1 & 0x10) != 0) state = 1; else state = 0; }
 112   2              else if (Pin == GPIO_PIN_5) { if ((P1 & 0x20) != 0) state = 1; else state = 0; }
 113   2              else if (Pin == GPIO_PIN_6) { if ((P1 & 0x40) != 0) state = 1; else state = 0; }
 114   2              else if (Pin == GPIO_PIN_7) { if ((P1 & 0x80) != 0) state = 1; else state = 0; }
 115   2              else return GPIO_ERR;
 116   2          }
 117   1          else if (Port == GPIO_PORT_2)
 118   1          {
 119   2              if (Pin == GPIO_PIN_0) { if ((P2 & 0x01) != 0) state = 1; else state = 0; }
 120   2              else if (Pin == GPIO_PIN_1) { if ((P2 & 0x02) != 0) state = 1; else state = 0; }
 121   2              else if (Pin == GPIO_PIN_2) { if ((P2 & 0x04) != 0) state = 1; else state = 0; }
 122   2              else if (Pin == GPIO_PIN_3) { if ((P2 & 0x08) != 0) state = 1; else state = 0; }
 123   2              else if (Pin == GPIO_PIN_4) { if ((P2 & 0x10) != 0) state = 1; else state = 0; }
 124   2              else if (Pin == GPIO_PIN_5) { if ((P2 & 0x20) != 0) state = 1; else state = 0; }
 125   2              else if (Pin == GPIO_PIN_6) { if ((P2 & 0x40) != 0) state = 1; else state = 0; }
 126   2              else if (Pin == GPIO_PIN_7) { if ((P2 & 0x80) != 0) state = 1; else state = 0; }
 127   2              else return GPIO_ERR;
 128   2          }
 129   1          else if (Port == GPIO_PORT_3)
 130   1          {
 131   2              if (Pin == GPIO_PIN_0) { if ((P3 & 0x01) != 0) state = 1; else state = 0; }
 132   2              else if (Pin == GPIO_PIN_1) { if ((P3 & 0x02) != 0) state = 1; else state = 0; }
 133   2              else if (Pin == GPIO_PIN_2) { if ((P3 & 0x04) != 0) state = 1; else state = 0; }
 134   2              else if (Pin == GPIO_PIN_3) { if ((P3 & 0x08) != 0) state = 1; else state = 0; }
 135   2              else return GPIO_ERR;
 136   2          }
 137   1          else
 138   1          {
 139   2              return GPIO_ERR;
 140   2          }
 141   1      
 142   1          if (state != 0) *StatePin = GPIO_LOW;
 143   1          else *StatePin = GPIO_HIGHT;
 144   1          return returnStatus;
 145   1      }
 146          
 147          /**
 148           * @brief Sets the state of an output GPIO pin.
 149           * @param Port The port number (0 to 3).
 150           * @param Pin The pin number (0 to 7 for ports 0-2, 0 to 3 for port 3).
 151           * @param State The state to set (GPIO_LOW or GPIO_HIGHT).
 152           * @return EGpioStatus GPIO_OK on success, GPIO_ERR on invalid port or pin.
 153           */
 154          EGpioStatus SetGpioOutState(uint8_t Port, uint8_t Pin, EPinState State)
 155          {
 156   1          if (Port == GPIO_PORT_0)
 157   1          {
 158   2              if (Pin == GPIO_PIN_0) { if (State == GPIO_HIGHT) { P0 |= 0x01; } else { P0 &= 0xFE; } }
 159   2              else if (Pin == GPIO_PIN_1) { if (State == GPIO_HIGHT) { P0 |= 0x02; } else { P0 &= 0xFD; } }
 160   2              else if (Pin == GPIO_PIN_2) { if (State == GPIO_HIGHT) { P0 |= 0x04; } else { P0 &= 0xFB; } }
 161   2              else if (Pin == GPIO_PIN_3) { if (State == GPIO_HIGHT) { P0 |= 0x08; } else { P0 &= 0xF7; } }
 162   2              else if (Pin == GPIO_PIN_4) { if (State == GPIO_HIGHT) { P0 |= 0x10; } else { P0 &= 0xEF; } }
 163   2              else if (Pin == GPIO_PIN_5) { if (State == GPIO_HIGHT) { P0 |= 0x20; } else { P0 &= 0xDF; } }
 164   2              else if (Pin == GPIO_PIN_6) { if (State == GPIO_HIGHT) { P0 |= 0x40; } else { P0 &= 0xBF; } }
 165   2              else if (Pin == GPIO_PIN_7) { if (State == GPIO_HIGHT) { P0 |= 0x80; } else { P0 &= 0x7F; } }
 166   2              else return GPIO_ERR;
 167   2          }
 168   1          else if (Port == GPIO_PORT_1)
 169   1          {
 170   2              if (Pin == GPIO_PIN_0) { if (State == GPIO_HIGHT) { P1 |= 0x01; } else { P1 &= 0xFE; } }
 171   2              else if (Pin == GPIO_PIN_1) { if (State == GPIO_HIGHT) { P1 |= 0x02; } else { P1 &= 0xFD; } }
C51 COMPILER V9.57.0.0   GPIO                                                              12/14/2025 23:42:35 PAGE 4   

 172   2              else if (Pin == GPIO_PIN_2) { if (State == GPIO_HIGHT) { P1 |= 0x04; } else { P1 &= 0xFB; } }
 173   2              else if (Pin == GPIO_PIN_3) { if (State == GPIO_HIGHT) { P1 |= 0x08; } else { P1 &= 0xF7; } }
 174   2              else if (Pin == GPIO_PIN_4) { if (State == GPIO_HIGHT) { P1 |= 0x10; } else { P1 &= 0xEF; } }
 175   2              else if (Pin == GPIO_PIN_5) { if (State == GPIO_HIGHT) { P1 |= 0x20; } else { P1 &= 0xDF; } }
 176   2              else if (Pin == GPIO_PIN_6) { if (State == GPIO_HIGHT) { P1 |= 0x40; } else { P1 &= 0xBF; } }
 177   2              else if (Pin == GPIO_PIN_7) { if (State == GPIO_HIGHT) { P1 |= 0x80; } else { P1 &= 0x7F; } }
 178   2              else return GPIO_ERR;
 179   2          }
 180   1          else if (Port == GPIO_PORT_2)
 181   1          {
 182   2              if (Pin == GPIO_PIN_0) { if (State == GPIO_HIGHT) { P2 |= 0x01; } else { P2 &= 0xFE; } }
 183   2              else if (Pin == GPIO_PIN_1) { if (State == GPIO_HIGHT) { P2 |= 0x02; } else { P2 &= 0xFD; } }
 184   2              else if (Pin == GPIO_PIN_2) { if (State == GPIO_HIGHT) { P2 |= 0x04; } else { P2 &= 0xFB; } }
 185   2              else if (Pin == GPIO_PIN_3) { if (State == GPIO_HIGHT) { P2 |= 0x08; } else { P2 &= 0xF7; } }
 186   2              else if (Pin == GPIO_PIN_4) { if (State == GPIO_HIGHT) { P2 |= 0x10; } else { P2 &= 0xEF; } }
 187   2              else if (Pin == GPIO_PIN_5) { if (State == GPIO_HIGHT) { P2 |= 0x20; } else { P2 &= 0xDF; } }
 188   2              else if (Pin == GPIO_PIN_6) { if (State == GPIO_HIGHT) { P2 |= 0x40; } else { P2 &= 0xBF; } }
 189   2              else if (Pin == GPIO_PIN_7) { if (State == GPIO_HIGHT) { P2 |= 0x80; } else { P2 &= 0x7F; } }
 190   2              else return GPIO_ERR;
 191   2          }
 192   1          else if (Port == GPIO_PORT_3)
 193   1          {
 194   2              if (Pin == GPIO_PIN_0) { if (State == GPIO_HIGHT) { P3 |= 0x01; } else { P3 &= 0xFE; } }
 195   2              else if (Pin == GPIO_PIN_1) { if (State == GPIO_HIGHT) { P3 |= 0x02; } else { P3 &= 0xFD; } }
 196   2              else if (Pin == GPIO_PIN_2) { if (State == GPIO_HIGHT) { P3 |= 0x04; } else { P3 &= 0xFB; } }
 197   2              else if (Pin == GPIO_PIN_3) { if (State == GPIO_HIGHT) { P3 |= 0x08; } else { P3 &= 0xF7; } }
 198   2              else return GPIO_ERR;
 199   2          }
 200   1          else
 201   1          {
 202   2              return GPIO_ERR;
 203   2          }
 204   1          return GPIO_OK;
 205   1      }
 206          
 207          //==============================================================================
 208          //---------------------------------END FILE-------------------------------------
 209          //==============================================================================


MODULE INFORMATION:   STATIC OVERLAYABLE
   CODE SIZE        =   2089    ----
   CONSTANT SIZE    =   ----    ----
   XDATA SIZE       =   ----      15
   PDATA SIZE       =   ----    ----
   DATA SIZE        =   ----    ----
   IDATA SIZE       =   ----    ----
   BIT SIZE         =   ----    ----
   EDATA SIZE       =   ----    ----
   HDATA SIZE       =   ----    ----
   XDATA CONST SIZE =   ----    ----
   FAR CONST SIZE   =   ----    ----
END OF MODULE INFORMATION.


C51 COMPILATION COMPLETE.  0 WARNING(S),  0 ERROR(S)
