C51 COMPILER V9.57.0.0   MAIN                                                              12/14/2025 23:42:34 PAGE 1   


C51 COMPILER V9.57.0.0, COMPILATION OF MODULE MAIN
OBJECT MODULE PLACED IN ..\OBJ\main.obj
COMPILER INVOKED BY: C:\Keil_v5\C51\BIN\C51.EXE main.c LARGE OMF2 OPTIMIZE(3,SIZE) BROWSE INCDIR(..\USER;..\FUNC_HANDLER
                    -;..\GUI_APP;..\HANDWARE\ADC;..\HANDWARE\GPIO;..\HANDWARE\PWM;..\HANDWARE\TIMER;..\HANDWARE\UART;..\HANDWARE\SYSTEM;..\HA
                    -NDWARE\WDT;..\HANDWARE\APP) DEBUG PRINT(..\OBJ\Listing\main.lst) TABS(2) OBJECT(..\OBJ\main.obj)

line level    source

   1          /*
   2          @verbatim
   3          --------------------------------------------------------------------------------
   4          MIT License
   5          
   6          Copyright (c) [2025] [Vladimir Radchenko]
   7          Version 1.0
   8          For communication or thanks, you can contact me by mail DwinRVB@mail.ru
   9          
  10          Permission is hereby granted, free of charge, to any person obtaining a copy
  11          of this software and associated documentation files (the "Software"), to deal
  12          in the Software without restriction, including without limitation the rights
  13          to use, copy, modify, merge, publish, distribute, sublicense, and/or sell
  14          copies of the Software, and to permit persons to whom the Software is
  15          furnished to do so, subject to the following conditions:
  16          
  17          The above copyright notice and this permission notice shall be included in all
  18          copies or substantial portions of the Software.
  19          
  20          THE SOFTWARE IS PROVIDED "AS IS", WITHOUT WARRANTY OF ANY KIND, EXPRESS OR
  21          IMPLIED, INCLUDING BUT NOT LIMITED TO THE WARRANTIES OF MERCHANTABILITY,
  22          FITNESS FOR A PARTICULAR PURPOSE AND NONINFRINGEMENT. IN NO EVENT SHALL THE
  23          AUTHORS OR COPYRIGHT HOLDERS BE LIABLE FOR ANY CLAIM, DAMAGES OR OTHER
  24          LIABILITY, WHETHER IN AN ACTION OF CONTRACT, TORT OR OTHERWISE, ARISING FROM,
  25          OUT OF OR IN CONNECTION WITH THE SOFTWARE OR THE USE OR OTHER DEALINGS IN THE
  26          SOFTWARE.
  27          --------------------------------------------------------------------------------
  28          @endverbatim
  29          */
  30          //==============================================================================
  31          //---------------------------------Includes-------------------------------------
  32          //==============================================================================
  33          #include "SYSTEM.h"
  34          #include "APP.h"
  35          //==============================================================================
  36          //---------------------------------Defines--------------------------------------
  37          //==============================================================================
  38          
  39          
  40          //==============================================================================
  41          //--------------------------------Variables-------------------------------------
  42          //==============================================================================
  43          
  44          //==============================================================================
  45          //--------------------------------PROTOTYPE-------------------------------------
  46          //==============================================================================
  47          
  48          //==============================================================================
  49          //---------------------------------- INIT---------------------------------------
  50          //==============================================================================
  51          
  52          
  53          
C51 COMPILER V9.57.0.0   MAIN                                                              12/14/2025 23:42:34 PAGE 2   

  54          //==============================================================================
  55          //--------------------------------FUNCTIONS-------------------------------------
  56          //==============================================================================
  57          
  58          
  59          //==============================================================================
  60          //-----------------------------------MAIN---------------------------------------
  61          //==============================================================================
  62          
  63          void main(void)
  64          {   
  65   1        
  66   1        InitCPU();          //System initialization
  67   1        AppInit();
  68   1        
  69   1        while(1)
  70   1        { 
  71   2          AppProcess();
  72   2        }
  73   1      }
  74          
  75          
  76          //==============================================================================
  77          //---------------------------------END FILE-------------------------------------
  78          //==============================================================================


MODULE INFORMATION:   STATIC OVERLAYABLE
   CODE SIZE        =     12    ----
   CONSTANT SIZE    =   ----    ----
   XDATA SIZE       =   ----    ----
   PDATA SIZE       =   ----    ----
   DATA SIZE        =   ----    ----
   IDATA SIZE       =   ----    ----
   BIT SIZE         =   ----    ----
   EDATA SIZE       =   ----    ----
   HDATA SIZE       =   ----    ----
   XDATA CONST SIZE =   ----    ----
   FAR CONST SIZE   =   ----    ----
END OF MODULE INFORMATION.


C51 COMPILATION COMPLETE.  0 WARNING(S),  0 ERROR(S)
