C51 COMPILER V9.57.0.0   TIMER                                                             12/14/2025 23:42:35 PAGE 1   


C51 COMPILER V9.57.0.0, COMPILATION OF MODULE TIMER
OBJECT MODULE PLACED IN ..\OBJ\TIMER.obj
COMPILER INVOKED BY: C:\Keil_v5\C51\BIN\C51.EXE ..\HANDWARE\TIMER\TIMER.c LARGE OMF2 OPTIMIZE(3,SIZE) BROWSE INCDIR(..\U
                    -SER;..\FUNC_HANDLER;..\GUI_APP;..\HANDWARE\ADC;..\HANDWARE\GPIO;..\HANDWARE\PWM;..\HANDWARE\TIMER;..\HANDWARE\UART;..\HA
                    -NDWARE\SYSTEM;..\HANDWARE\WDT;..\HANDWARE\APP) DEBUG PRINT(..\OBJ\Listing\TIMER.lst) TABS(2) OBJECT(..\OBJ\TIMER.obj)

line level    source

   1          /*
   2          @verbatim
   3          --------------------------------------------------------------------------------
   4          MIT License
   5          
   6          Copyright (c) [2025] [Vladimir Radchenko]
   7          Version 1.0
   8          
   9          For communication or thanks, you can contact me by mail DwinRVB@mail.ru
  10          
  11          Permission is hereby granted, free of charge, to any person obtaining a copy
  12          of this software and associated documentation files (the "Software"), to deal
  13          in the Software without restriction, including without limitation the rights
  14          to use, copy, modify, merge, publish, distribute, sublicense, and/or sell
  15          copies of the Software, and to permit persons to whom the Software is
  16          furnished to do so, subject to the following conditions:
  17          
  18          The above copyright notice and this permission notice shall be included in all
  19          copies or substantial portions of the Software.
  20          
  21          THE SOFTWARE IS PROVIDED "AS IS", WITHOUT WARRANTY OF ANY KIND, EXPRESS OR
  22          IMPLIED, INCLUDING BUT NOT LIMITED TO THE WARRANTIES OF MERCHANTABILITY,
  23          FITNESS FOR A PARTICULAR PURPOSE AND NONINFRINGEMENT. IN NO EVENT SHALL THE
  24          AUTHORS OR COPYRIGHT HOLDERS BE LIABLE FOR ANY CLAIM, DAMAGES OR OTHER
  25          LIABILITY, WHETHER IN AN ACTION OF CONTRACT, TORT OR OTHERWISE, ARISING FROM,
  26          OUT OF OR IN CONNECTION WITH THE SOFTWARE OR THE USE OR OTHER DEALINGS IN THE
  27          SOFTWARE.
  28          --------------------------------------------------------------------------------
  29          @endverbatim
  30          */
  31          
  32          //==============================================================================
  33          //---------------------------------Includes-------------------------------------
  34          //==============================================================================
  35          #include "TIMER.h"  // OK +
  36          #include "Delay.h"
  37          
  38          //==============================================================================
  39          //---------------------------------Defines--------------------------------------
  40          //==============================================================================
  41          
  42          
  43          //==============================================================================
  44          //---------------------------------VARIABLES------------------------------------
  45          //==============================================================================
  46          /**
  47           * @var uint16_t TimeOut
  48           * @brief Timeout counter for timer operations.
  49           */
  50          xdata uint16_t TimeOut = 0;
  51          
  52          /**
  53           * @var uint32_t Counter
C51 COMPILER V9.57.0.0   TIMER                                                             12/14/2025 23:42:35 PAGE 2   

  54           * @brief General-purpose counter initialized to 1000.
  55           */
  56          xdata uint32_t Counter = 1000;
  57          
  58          
  59          //==============================================================================
  60          //---------------------------------- INIT---------------------------------------
  61          //==============================================================================
  62          /**
  63           * @brief Initializes Timer0 with a 1ms period in 16-bit mode.
  64           */
  65          void InitTimer0(void)
  66          {
  67   1          TMOD = (TMOD & 0xF0) | 0x01; // Set 16-bit mode for Timer0
  68   1          TH0 = (uint8_t)(T0_PERIOD_1MS >> 8); // High byte of 1ms period
  69   1          TL0 = (uint8_t)T0_PERIOD_1MS;       // Low byte of 1ms period
  70   1          ET0 = 1; // Enable Timer0 interrupt
  71   1          TR0 = 1; // Start Timer0
  72   1      }
  73          
  74          /**
  75           * @brief Initializes Timer1 with a 1ms period in 16-bit mode.
  76           */
  77          void InitTimer1(void)
  78          {
  79   1          TMOD = (TMOD & 0x0F) | 0x10; // Set 16-bit mode for Timer1
  80   1          TH1 = (uint8_t)(T1_PERIOD_1MS >> 8); // High byte of 1ms period
  81   1          TL1 = (uint8_t)T1_PERIOD_1MS;       // Low byte of 1ms period
  82   1          ET1 = 1; // Enable Timer1 interrupt
  83   1          TR1 = 1; // Start Timer1
  84   1      }
  85          
  86          /**
  87           * @brief Initializes Timer2 with a 1ms period.
  88           */
  89          void InitTimer2(void)
  90          {
  91   1          T2CON = 0x70; // Configure Timer2
  92   1          TH2 = 0x00;   // Initialize counter high byte
  93   1          TL2 = 0x00;   // Initialize counter low byte
  94   1          TRL2H = (uint8_t)(T2_PERIOD_1MS >> 8); // High byte of 1ms period
  95   1          TRL2L = (uint8_t)T2_PERIOD_1MS;       // Low byte of 1ms period
  96   1          IEN0 |= 0x20; // Enable Timer2 interrupt
  97   1          TR2 = 0x01;   // Start Timer2
  98   1          ET2 = 1;      // Enable Timer2 interrupt
  99   1      }
 100          
 101          /**
 102           * @brief Initializes enabled timers (Timer0, Timer1, Timer2).
 103           */
 104          void TimerInit(void)
 105          {
 106   1          EA = 0; // Disable global interrupts
 107   1      #ifdef TIMER_0_ENABLE
 108   1          InitTimer0();
 109   1      #endif
 110   1      #ifdef TIMER_1_ENABLE
 111   1          InitTimer1();
 112   1      #endif
 113   1          InitTimer2();
 114   1          EA = 1; // Enable global interrupts
 115   1      }
C51 COMPILER V9.57.0.0   TIMER                                                             12/14/2025 23:42:35 PAGE 3   

 116          
 117          //==============================================================================
 118          //--------------------------------FUNCTIONS-------------------------------------
 119          //==============================================================================
 120          
 121          
 122          
 123          //==============================================================================
 124          //---------------------------------END FILE-------------------------------------
 125          //==============================================================================


MODULE INFORMATION:   STATIC OVERLAYABLE
   CODE SIZE        =     74    ----
   CONSTANT SIZE    =   ----    ----
   XDATA SIZE       =      6    ----
   PDATA SIZE       =   ----    ----
   DATA SIZE        =   ----    ----
   IDATA SIZE       =   ----    ----
   BIT SIZE         =   ----    ----
   EDATA SIZE       =   ----    ----
   HDATA SIZE       =   ----    ----
   XDATA CONST SIZE =   ----    ----
   FAR CONST SIZE   =   ----    ----
END OF MODULE INFORMATION.


C51 COMPILATION COMPLETE.  0 WARNING(S),  0 ERROR(S)
